[23/08/2017 17:58] LitenKanin(287241362229690368) deleted 10 messages in channel general
[23/08/2017 18:24] LitenKanin(287241362229690368) deleted 2 messages in channel kanin-army
[23/08/2017 18:37] LitenKanin(287241362229690368) deleted 1 messages in channel kanin-army
[23/08/2017 18:37] LitenKanin(287241362229690368) deleted 9999999 messages in channel kanin-army
[23/08/2017 18:40] LitenKanin(287241362229690368) deleted 2 messages in channel kanin-army
[24/08/2017 19:31] LitenKanin(287241362229690368) deleted 2 messages in channel bot-testing
[24/08/2017 19:31] LitenKanin(287241362229690368) deleted 6 messages in channel bot-testing
[24/08/2017 20:08] LitenKanin(287241362229690368) deleted 999999 messages in channel bot-testing
[24/08/2017 20:29] LitenKanin(287241362229690368) deleted 9999999 messages in channel bot-testing
[24/08/2017 20:30] LitenKanin(287241362229690368) deleted 2 messages in channel bot-testing
[24/08/2017 20:52] LitenKanin(287241362229690368) deleted 9999 messages in channel bot-testing
[24/08/2017 20:57] LitenKanin(287241362229690368) deleted 99 messages in channel bot-testing
[26/08/2017 11:39] LitenKanin(287241362229690368) deleted 9999999 messages in channel bot-testing
[28/08/2017 17:33] LitenKanins | Dummy(329655890426855424) deleted 5 messages in channel bot-testing
[28/08/2017 17:33] LitenKanins | Dummy(329655890426855424) deleted 99999 messages in channel bot-testing
[28/08/2017 17:34] LitenKanins | Dummy(329655890426855424) deleted 999 messages in channel bot-testing
[28/08/2017 17:35] LitenKanins | Dummy(329655890426855424) deleted 55 messages in channel bot-testing
[28/08/2017 17:37] LitenKanins | Dummy(329655890426855424) deleted 5 messages in channel bot-testing
[28/08/2017 17:58] LitenKanin(287241362229690368) deleted 99999999999999999999999999999 messages in channel general
[29/08/2017 22:07] LitenKanin(287241362229690368) deleted 99999 messages in channel bot-testing
[30/08/2017 13:14] LitenKanin(287241362229690368) deleted 41 messages  containing 'ERROR' in channel 342316669793861634
[30/08/2017 13:46] LitenKanin(287241362229690368) deleted 99999999999 messages in channel kanin-army
[31/08/2017 00:35] LitenKanin(287241362229690368) deleted 99999999 messages in channel conversation
[31/08/2017 18:02] LitenKanin(287241362229690368) deleted 99999 messages in channel general
[31/08/2017 18:03] LitenKanin(287241362229690368) deleted 5 messages in channel welcome
[31/08/2017 18:06] LitenKanin(287241362229690368) deleted 4 messages in channel welcome
[31/08/2017 18:08] LitenKanin(287241362229690368) deleted 4 messages in channel welcome
[31/08/2017 18:08] LitenKanin(287241362229690368) deleted 10 messages in channel welcome
[31/08/2017 18:10] LitenKanin(287241362229690368) deleted 9999 messages in channel welcome
[31/08/2017 18:19] LitenKanin(287241362229690368) deleted 999 messages in channel bot-testing
[31/08/2017 18:21] LitenKanin(287241362229690368) deleted 999 messages in channel bot-testing
[31/08/2017 18:23] LitenKanin(287241362229690368) deleted 999 messages in channel bot-testing
[31/08/2017 20:02] LitenKanin(287241362229690368) deleted 999999999999999999999 messages in channel general
[31/08/2017 20:02] LitenKanin(287241362229690368) deleted 999 messages in channel general
[31/08/2017 20:02] LitenKanin(287241362229690368) deleted 4 messages in channel general
[01/09/2017 15:05] LitenKanin(287241362229690368) deleted 2 messages in channel bot-testing
[01/09/2017 19:26] LitenKanin(287241362229690368) deleted 999999 messages in channel conversation
[01/09/2017 19:29] LitenKanin(287241362229690368) deleted 9999 messages in channel conversation
[01/09/2017 19:31] LitenKanin(287241362229690368) deleted 4 messages in channel rules
[02/09/2017 16:49] LitenKanin(287241362229690368) deleted 14 messages in channel general
[02/09/2017 17:09] LitenKanin(287241362229690368) deleted 999 messages in channel bot-testing
[02/09/2017 17:10] LitenKanin(287241362229690368) deleted 99 messages in channel bot-testing
[02/09/2017 17:13] LitenKanin(287241362229690368) deleted 99 messages in channel bot-testing
[02/09/2017 17:23] LitenKanin(287241362229690368) deleted 99 messages in channel bot-testing
[02/09/2017 17:27] LitenKanin(287241362229690368) deleted 99 messages in channel bot-testing
[02/09/2017 17:35] LitenKanin(287241362229690368) deleted 99 messages in channel bot-testing
[02/09/2017 21:28] LitenKanin(287241362229690368) deleted 40 messages in channel general
[02/09/2017 21:28] LitenKanin(287241362229690368) deleted 10 messages in channel general
[03/09/2017 15:49] LitenKanin(287241362229690368) deleted 10 messages in channel general
[03/09/2017 20:00] LitenKanin(287241362229690368) deleted 5 messages in channel general
[04/09/2017 19:52] LitenKanin(287241362229690368) deleted 999 messages in channel bot-testing
[06/09/2017 17:28] LitenKanin(287241362229690368) deleted 9999 messages in channel general
[06/09/2017 18:50] LitenKanin(287241362229690368) deleted 3  command messages in channel general
[06/09/2017 19:25] LitenKanin(287241362229690368) deleted 2 messages in channel bot-testing
[06/09/2017 19:31] LitenKanin(287241362229690368) deleted 40 messages in channel general
[06/09/2017 19:54] LitenKanin(287241362229690368) deleted 7 messages in channel general
[06/09/2017 19:55] LitenKanin(287241362229690368) deleted 2 messages in channel general
[06/09/2017 21:57] LitenKanin(287241362229690368) deleted 20 messages in channel general
[06/09/2017 21:58] LitenKanin(287241362229690368) deleted 20 messages in channel general
[07/09/2017 17:53] LitenKanin(287241362229690368) deleted 4 messages in channel general
[07/09/2017 17:53] LitenKanin(287241362229690368) deleted 5 messages in channel general
[07/09/2017 19:54] LitenKanin(287241362229690368) deleted 999 messages in channel bot-testing
[08/09/2017 23:45] LitenKanin(287241362229690368) deleted 2 messages in channel political
[09/09/2017 13:22] LitenKanin(287241362229690368) deleted 9 messages in channel picture-effects
[09/09/2017 13:22] LitenKanin(287241362229690368) deleted 6 messages in channel picture-effects
[10/09/2017 13:01] LitenKanin(287241362229690368) banned AIRHORN SOLUTIONS(159800228088774656), deleting 0 days worth of messages
[10/09/2017 13:11] LitenKanin(287241362229690368) deleted 3 messages in channel general
[10/09/2017 21:32] LitenKanin(287241362229690368) deleted 20 messages in channel general
[10/09/2017 21:32] LitenKanin(287241362229690368) deleted 10 messages in channel general
[10/09/2017 21:32] LitenKanin(287241362229690368) deleted 10 messages in channel general
[10/09/2017 21:32] LitenKanin(287241362229690368) deleted 10 messages in channel general
[10/09/2017 21:32] LitenKanin(287241362229690368) deleted 10 messages in channel general
[10/09/2017 21:32] LitenKanin(287241362229690368) deleted 10 messages in channel general
[10/09/2017 21:32] LitenKanin(287241362229690368) deleted 10 messages in channel general
[10/09/2017 21:33] LitenKanin(287241362229690368) deleted 10 messages in channel general
[10/09/2017 21:33] LitenKanin(287241362229690368) deleted 10 messages in channel general
[10/09/2017 21:33] LitenKanin(287241362229690368) deleted 5 messages in channel general
[10/09/2017 21:33] LitenKanin(287241362229690368) deleted 2 messages in channel general
[14/09/2017 21:46] LitenKanin(287241362229690368) deleted 20 messages in channel general
[14/09/2017 21:46] LitenKanin(287241362229690368) deleted 40 messages in channel general
[16/09/2017 18:47] LitenKanin(287241362229690368) deleted 4 messages in channel bot-testing
[18/09/2017 18:51] LitenKanin(287241362229690368) deleted 3 messages in channel general
[02/10/2017 16:50] LitenKanin(287241362229690368) deleted 44 messages in channel public_chat
[07/10/2017 21:59] LitenKanin(287241362229690368) deleted 999 messages in channel public_chat
[13/10/2017 21:20] LitenKanin(287241362229690368) deleted 99 messages in channel diskutieren
[13/10/2017 21:20] LitenKanin(287241362229690368) deleted 9999 messages in channel diskutieren
[13/10/2017 23:29] LitenKanin(287241362229690368) deleted 44 messages in channel diskutieren
[05/11/2017 12:36] Kaninchen(287241362229690368) kicked Mee6(159985870458322944)
[05/11/2017 12:57] Kaninchen(287241362229690368) deleted 555 messages in channel main_chat
[05/11/2017 13:04] Kaninchen(287241362229690368) deleted 55 messages in channel confirm_agree
[05/11/2017 21:36] Kaninchen(287241362229690368) deleted 55 messages in channel confirm_agree
[05/11/2017 21:44] Kaninchen(287241362229690368) deleted 99 messages in channel confirm_agree
[12/11/2017 15:09] Kaninchen(287241362229690368) deleted 999999999 messages in channel main_chat
[01/12/2017 23:14] Kaninchen(287241362229690368) deleted 4 messages in channel keepitclean_chat
[01/12/2017 23:15] Kaninchen(287241362229690368) deleted 2 messages in channel keepitclean_chat
[01/12/2017 23:22] Kaninchen(287241362229690368) deleted 100 messages in channel keepitclean_chat
[01/12/2017 23:27] Kaninchen(287241362229690368) deleted 99 messages in channel keepitclean_chat
[01/12/2017 23:40] Kaninchen(287241362229690368) deleted 10 messages in channel keepitclean_chat
[01/12/2017 23:43] Kaninchen(287241362229690368) deleted 44 messages in channel keepitclean_chat
[01/12/2017 23:43] Kaninchen(287241362229690368) deleted 44 messages in channel keepitclean_chat
[02/12/2017 18:03] Kaninchen(287241362229690368) deleted 99 messages in channel keepitclean_chat
[02/12/2017 18:04] Kaninchen(287241362229690368) deleted 40 messages in channel keepitclean_chat
[02/12/2017 18:04] Kaninchen(287241362229690368) deleted 10 messages in channel keepitclean_chat
[02/12/2017 18:04] Kaninchen(287241362229690368) deleted 40 messages in channel keepitclean_chat
[02/12/2017 18:04] Kaninchen(287241362229690368) deleted 30 messages in channel keepitclean_chat
[02/12/2017 18:04] Kaninchen(287241362229690368) deleted 20 messages in channel keepitclean_chat
[02/12/2017 18:04] Kaninchen(287241362229690368) deleted 10 messages in channel keepitclean_chat
[02/12/2017 18:04] Kaninchen(287241362229690368) deleted 4 messages in channel keepitclean_chat
[02/12/2017 18:41] Kaninchen(287241362229690368) deleted 10 messages in channel keepitclean_chat
[02/12/2017 19:50] Kaninchen(287241362229690368) banned gui_PT2(257229737401909249), deleting 0 days worth of messages
[02/12/2017 19:50] Kaninchen(287241362229690368) banned _iJunior(302126827554734080), deleting 0 days worth of messages
[02/12/2017 19:50] Kaninchen(287241362229690368) banned (0°) Joao [infinity_moderator](313340218306592769), deleting 0 days worth of messages
[02/12/2017 19:50] Kaninchen(287241362229690368) banned Portugal CountryBall(225382979441131523), deleting 0 days worth of messages
[02/12/2017 19:50] Kaninchen(287241362229690368) deleted 99 messages in channel global_chat
[06/12/2017 19:31] Kaninchen(287241362229690368) deleted 1 messages in channel game_chat
[06/12/2017 19:31] Kaninchen(287241362229690368) deleted 3 messages in channel game_chat
